# JRE version: OpenJDK Runtime Environment (11.0.12+7) (build 11.0.12+7-b1504.28-7817840)
# Java VM: OpenJDK 64-Bit Server VM (11.0.12+7-b1504.28-7817840, mixed mode, tiered, compressed oops, g1 gc, windows-amd64)
Heap:
 garbage-first heap   total 260096K, used 195875K [0x0000000080000000, 0x0000000100000000)
  region size 1024K, 87 young (89088K), 2 survivors (2048K)
 Metaspace       used 145646K, capacity 151130K, committed 151404K, reserved 1181696K
  class space    used 17903K, capacity 19870K, committed 19968K, reserved 1048576K
GC Heap History (20 events):
Event: 4201.819 GC heap before
{Heap before GC invocations=120 (full 0):
 garbage-first heap   total 260096K, used 128717K [0x0000000080000000, 0x0000000100000000)
  region size 1024K, 13 young (13312K), 11 survivors (11264K)
 Metaspace       used 145050K, capacity 150501K, committed 150892K, reserved 1179648K
  class space    used 17871K, capacity 19827K, committed 19968K, reserved 1048576K
}
Event: 4201.907 GC heap after
{Heap after GC invocations=121 (full 0):
 garbage-first heap   total 260096K, used 117169K [0x0000000080000000, 0x0000000100000000)
  region size 1024K, 2 young (2048K), 2 survivors (2048K)
 Metaspace       used 145050K, capacity 150501K, committed 150892K, reserved 1179648K
  class space    used 17871K, capacity 19827K, committed 19968K, reserved 1048576K
}
Event: 4201.957 GC heap before
{Heap before GC invocations=121 (full 0):
 garbage-first heap   total 260096K, used 118193K [0x0000000080000000, 0x0000000100000000)
  region size 1024K, 5 young (5120K), 2 survivors (2048K)
 Metaspace       used 145050K, capacity 150501K, committed 150892K, reserved 1179648K
  class space    used 17871K, capacity 19827K, committed 19968K, reserved 1048576K
}
Event: 4201.959 GC heap after
{Heap after GC invocations=122 (full 0):
 garbage-first heap   total 260096K, used 116891K [0x0000000080000000, 0x0000000100000000)
  region size 1024K, 1 young (1024K), 1 survivors (1024K)
 Metaspace       used 145050K, capacity 150501K, committed 150892K, reserved 1179648K
  class space    used 17871K, capacity 19827K, committed 19968K, reserved 1048576K
}
Event: 4603.983 GC heap before
{Heap before GC invocations=123 (full 0):
 garbage-first heap   total 260096K, used 216219K [0x0000000080000000, 0x0000000100000000)
  region size 1024K, 87 young (89088K), 1 survivors (1024K)
 Metaspace       used 145151K, capacity 150511K, committed 150892K, reserved 1179648K
  class space    used 17873K, capacity 19829K, committed 19968K, reserved 1048576K
}
Event: 4603.999 GC heap after
{Heap after GC invocations=124 (full 0):
 garbage-first heap   total 260096K, used 120680K [0x0000000080000000, 0x0000000100000000)
  region size 1024K, 5 young (5120K), 5 survivors (5120K)
 Metaspace       used 145151K, capacity 150511K, committed 150892K, reserved 1179648K
  class space    used 17873K, capacity 19829K, committed 19968K, reserved 1048576K
}
Event: 4604.364 GC heap before
{Heap before GC invocations=124 (full 0):
 garbage-first heap   total 260096K, used 127848K [0x0000000080000000, 0x0000000100000000)
  region size 1024K, 12 young (12288K), 5 survivors (5120K)
 Metaspace       used 145169K, capacity 150575K, committed 151148K, reserved 1181696K
  class space    used 17873K, capacity 19829K, committed 19968K, reserved 1048576K
}
Event: 4604.377 GC heap after
{Heap after GC invocations=125 (full 0):
 garbage-first heap   total 260096K, used 118698K [0x0000000080000000, 0x0000000100000000)
  region size 1024K, 2 young (2048K), 2 survivors (2048K)
 Metaspace       used 145169K, capacity 150575K, committed 151148K, reserved 1181696K
  class space    used 17873K, capacity 19829K, committed 19968K, reserved 1048576K
}
Event: 4609.861 GC heap before
{Heap before GC invocations=125 (full 0):
 garbage-first heap   total 260096K, used 171946K [0x0000000080000000, 0x0000000100000000)
  region size 1024K, 56 young (57344K), 2 survivors (2048K)
 Metaspace       used 145375K, capacity 150843K, committed 151148K, reserved 1181696K
  class space    used 17897K, capacity 19867K, committed 19968K, reserved 1048576K
}
Event: 4609.867 GC heap after
{Heap after GC invocations=126 (full 0):
 garbage-first heap   total 260096K, used 121005K [0x0000000080000000, 0x0000000100000000)
  region size 1024K, 5 young (5120K), 5 survivors (5120K)
 Metaspace       used 145375K, capacity 150843K, committed 151148K, reserved 1181696K
  class space    used 17897K, capacity 19867K, committed 19968K, reserved 1048576K
}
Event: 4668.636 GC heap before
{Heap before GC invocations=127 (full 0):
 garbage-first heap   total 260096K, used 208045K [0x0000000080000000, 0x0000000100000000)
  region size 1024K, 86 young (88064K), 5 survivors (5120K)
 Metaspace       used 145469K, capacity 150927K, committed 151404K, reserved 1181696K
  class space    used 17899K, capacity 19870K, committed 19968K, reserved 1048576K
}
Event: 4668.641 GC heap after
{Heap after GC invocations=128 (full 0):
 garbage-first heap   total 260096K, used 117270K [0x0000000080000000, 0x0000000100000000)
  region size 1024K, 6 young (6144K), 6 survivors (6144K)
 Metaspace       used 145469K, capacity 150927K, committed 151404K, reserved 1181696K
  class space    used 17899K, capacity 19870K, committed 19968K, reserved 1048576K
}
Event: 4668.669 GC heap before
{Heap before GC invocations=128 (full 0):
 garbage-first heap   total 260096K, used 122390K [0x0000000080000000, 0x0000000100000000)
  region size 1024K, 12 young (12288K), 6 survivors (6144K)
 Metaspace       used 145470K, capacity 150927K, committed 151404K, reserved 1181696K
  class space    used 17899K, capacity 19870K, committed 19968K, reserved 1048576K
}
Event: 4668.704 GC heap after
{Heap after GC invocations=129 (full 0):
 garbage-first heap   total 260096K, used 105169K [0x0000000080000000, 0x0000000100000000)
  region size 1024K, 1 young (1024K), 1 survivors (1024K)
 Metaspace       used 145470K, capacity 150927K, committed 151404K, reserved 1181696K
  class space    used 17899K, capacity 19870K, committed 19968K, reserved 1048576K
}
Event: 4714.814 GC heap before
{Heap before GC invocations=129 (full 0):
 garbage-first heap   total 260096K, used 201425K [0x0000000080000000, 0x0000000100000000)
  region size 1024K, 96 young (98304K), 1 survivors (1024K)
 Metaspace       used 145577K, capacity 151001K, committed 151404K, reserved 1181696K
  class space    used 17900K, capacity 19870K, committed 19968K, reserved 1048576K
}
Event: 4714.832 GC heap after
{Heap after GC invocations=130 (full 0):
 garbage-first heap   total 260096K, used 116092K [0x0000000080000000, 0x0000000100000000)
  region size 1024K, 12 young (12288K), 12 survivors (12288K)
 Metaspace       used 145577K, capacity 151001K, committed 151404K, reserved 1181696K
  class space    used 17900K, capacity 19870K, committed 19968K, reserved 1048576K
}
Event: 5469.792 GC heap before
{Heap before GC invocations=131 (full 0):
 garbage-first heap   total 260096K, used 204156K [0x0000000080000000, 0x0000000100000000)
  region size 1024K, 99 young (101376K), 12 survivors (12288K)
 Metaspace       used 145607K, capacity 151065K, committed 151404K, reserved 1181696K
  class space    used 17903K, capacity 19870K, committed 19968K, reserved 1048576K
}
Event: 5469.815 GC heap after
{Heap after GC invocations=132 (full 0):
 garbage-first heap   total 260096K, used 117546K [0x0000000080000000, 0x0000000100000000)
  region size 1024K, 8 young (8192K), 8 survivors (8192K)
 Metaspace       used 145607K, capacity 151065K, committed 151404K, reserved 1181696K
  class space    used 17903K, capacity 19870K, committed 19968K, reserved 1048576K
}
Event: 5469.838 GC heap before
{Heap before GC invocations=132 (full 0):
 garbage-first heap   total 260096K, used 120618K [0x0000000080000000, 0x0000000100000000)
  region size 1024K, 12 young (12288K), 8 survivors (8192K)
 Metaspace       used 145607K, capacity 151065K, committed 151404K, reserved 1181696K
  class space    used 17903K, capacity 19870K, committed 19968K, reserved 1048576K
}
Event: 5469.895 GC heap after
{Heap after GC invocations=133 (full 0):
 garbage-first heap   total 260096K, used 110883K [0x0000000080000000, 0x0000000100000000)
  region size 1024K, 2 young (2048K), 2 survivors (2048K)
 Metaspace       used 145607K, capacity 151065K, committed 151404K, reserved 1181696K
  class space    used 17903K, capacity 19870K, committed 19968K, reserved 1048576K
}

